2024-05-08 09:11:55.408 - ERROR - com.example.demojavafx.BucleDeControlProperties - Enviando un error
2024-05-08 09:11:55.422 - FATAL - com.example.demojavafx.BucleDeControlProperties - Enviando una explosión fatal
2024-05-08 09:11:55.422 - ERROR - com.example.demojavafx.BucleDeControlProperties - Enviando un error
2024-05-08 09:11:55.423 - FATAL - com.example.demojavafx.BucleDeControlProperties - Enviando una explosión fatal
2024-05-08 09:11:55.659 - ERROR - com.example.demojavafx.HelloController - Enviando un error
2024-05-08 09:11:55.660 - FATAL - com.example.demojavafx.HelloController - Enviando una explosión fatal
2024-05-08 09:11:55.840 - ERROR - com.example.demojavafx.HelloApplication - Enviando un error
2024-05-08 09:11:55.840 - FATAL - com.example.demojavafx.HelloApplication - Enviando una explosión fatal
2024-05-08 09:11:58.346 - ERROR - com.example.demojavafx.BucleDeControlProperties - Enviando un error
2024-05-08 09:11:58.346 - FATAL - com.example.demojavafx.BucleDeControlProperties - Enviando una explosión fatal
2024-05-08 09:11:58.346 - ERROR - com.example.demojavafx.BucleDeControlProperties - Enviando un error
2024-05-08 09:11:58.346 - FATAL - com.example.demojavafx.BucleDeControlProperties - Enviando una explosión fatal
2024-05-08 09:11:58.739 - ERROR - com.example.demojavafx.HelloController - Enviando un error
2024-05-08 09:11:58.740 - FATAL - com.example.demojavafx.HelloController - Enviando una explosión fatal
2024-05-08 09:12:05.377 - ERROR - com.example.demojavafx.BucleDeControlProperties - Enviando un error
2024-05-08 09:12:05.377 - FATAL - com.example.demojavafx.BucleDeControlProperties - Enviando una explosión fatal
2024-05-08 21:06:26.378 - ERROR - com.example.demojavafx.BucleDeControlProperties - Enviando un error
2024-05-08 21:06:26.380 - FATAL - com.example.demojavafx.BucleDeControlProperties - Enviando una explosión fatal
2024-05-08 21:06:26.380 - ERROR - com.example.demojavafx.BucleDeControlProperties - Enviando un error
2024-05-08 21:06:26.381 - FATAL - com.example.demojavafx.BucleDeControlProperties - Enviando una explosión fatal
2024-05-08 21:06:26.632 - ERROR - com.example.demojavafx.HelloController - Enviando un error
2024-05-08 21:06:26.633 - FATAL - com.example.demojavafx.HelloController - Enviando una explosión fatal
2024-05-08 21:06:26.833 - ERROR - com.example.demojavafx.HelloApplication - Enviando un error
2024-05-08 21:06:26.833 - FATAL - com.example.demojavafx.HelloApplication - Enviando una explosión fatal
2024-05-08 21:06:32.481 - ERROR - com.example.demojavafx.BucleDeControlProperties - Enviando un error
2024-05-08 21:06:32.481 - FATAL - com.example.demojavafx.BucleDeControlProperties - Enviando una explosión fatal
2024-05-08 21:06:32.481 - ERROR - com.example.demojavafx.BucleDeControlProperties - Enviando un error
2024-05-08 21:06:32.481 - FATAL - com.example.demojavafx.BucleDeControlProperties - Enviando una explosión fatal
2024-05-08 21:06:32.883 - ERROR - com.example.demojavafx.HelloController - Enviando un error
2024-05-08 21:06:32.883 - FATAL - com.example.demojavafx.HelloController - Enviando una explosión fatal
2024-05-08 21:06:40.720 - ERROR - com.example.demojavafx.BucleDeControlProperties - Enviando un error
2024-05-08 21:06:40.721 - FATAL - com.example.demojavafx.BucleDeControlProperties - Enviando una explosión fatal
